#
# A fatal error has been detected by the Java Runtime Environment:
#
#  EXCEPTION_ACCESS_VIOLATION (0xc0000005) at pc=0x000000006d41a0a5, pid=1668, tid=0x00000000000029b8
#
# JRE version: Java(TM) SE Runtime Environment (8.0_101-b13) (build 1.8.0_101-b13)
# Java VM: Java HotSpot(TM) 64-Bit Server VM (25.101-b13 mixed mode windows-amd64 compressed oops)
# Problematic frame:
# V  [jvm.dll+0x12a0a5]
#
# Failed to write core dump. Minidumps are not enabled by default on client versions of Windows
#
# If you would like to submit a bug report, please visit:
#   http://bugreport.java.com/bugreport/crash.jsp
#

---------------  T H R E A D  ---------------

Current thread (0x00000000178e7800):  JavaThread "JDWP Transport Listener: dt_socket" daemon [_thread_in_vm, id=10680, stack(0x0000000018f50000,0x0000000019050000)]

siginfo: ExceptionCode=0xc0000005, reading address 0x00000000000000cd

Registers:
RAX=0x000000001904f401, RBX=0x00000000178e7800, RCX=0x00000000000000cd, RDX=0x0000000000000000
RSP=0x000000001904f3f0, RBP=0x00000000000000cd, RSI=0x000000001904f508, RDI=0x0000000002b99db0
R8 =0x00000000178e7800, R9 =0x0000000000008000, R10=0x6f72502f6c65646f, R11=0x000000001792782a
R12=0x0000000000000000, R13=0x00000000178f2be8, R14=0x0000000000000000, R15=0x0000000000000000
RIP=0x000000006d41a0a5, EFLAGS=0x0000000000010202

Top of Stack: (sp=0x000000001904f3f0)
0x000000001904f3f0:   00000000178e7800 00000000178e7800
0x000000001904f400:   000000001904f4b8 000000006d622f0b
0x000000001904f410:   00000000178e7800 000000006d63f76d
0x000000001904f420:   000000000000002a 000000006f9d9155
0x000000001904f430:   00000000194a4278 000000006f9e291e
0x000000001904f440:   00000000178e7800 0000000000000000
0x000000001904f450:   0000000000000000 0000000000000000
0x000000001904f460:   00000000000000cd 000000006f9e1a15
0x000000001904f470:   000000001904f508 000000001904f4e0
0x000000001904f480:   0000000000000001 00000000194a4278
0x000000001904f490:   00000000000000cd 000000006f9c53b3
0x000000001904f4a0:   000000001904f5d0 0000000000000001
0x000000001904f4b0:   0000000000000001 00000000194a4278
0x000000001904f4c0:   0000000000000009 0000000000000000
0x000000001904f4d0:   0000000000000000 0000000000000000
0x000000001904f4e0:   0000000000000001 000000006f9c5571 

Instructions: (pc=0x000000006d41a0a5)
0x000000006d41a085:   cc cc cc cc cc cc cc cc cc cc cc 48 83 ec 28 48
0x000000006d41a095:   85 c9 75 07 33 c0 48 83 c4 28 c3 48 89 5c 24 20
0x000000006d41a0a5:   48 8b 19 48 85 db 74 20 48 83 fb 37 74 1a 48 8b
0x000000006d41a0b5:   13 48 8b cb ff 52 10 84 c0 74 0d 48 8b c3 48 8b 


Register to memory mapping:

RAX=0x000000001904f401 is pointing into the stack for thread: 0x00000000178e7800
RBX=0x00000000178e7800 is a thread
RCX=0x00000000000000cd is an unknown value
RDX=0x0000000000000000 is an unknown value
RSP=0x000000001904f3f0 is pointing into the stack for thread: 0x00000000178e7800
RBP=0x00000000000000cd is an unknown value
RSI=0x000000001904f508 is pointing into the stack for thread: 0x00000000178e7800
RDI=0x0000000002b99db0 is an unknown value
R8 =0x00000000178e7800 is a thread
R9 =0x0000000000008000 is an unknown value
R10=0x6f72502f6c65646f is an unknown value
R11=0x000000001792782a is an unknown value
R12=0x0000000000000000 is an unknown value
R13=0x00000000178f2be8 is an unknown value
R14=0x0000000000000000 is an unknown value
R15=0x0000000000000000 is an unknown value


Stack: [0x0000000018f50000,0x0000000019050000],  sp=0x000000001904f3f0,  free space=1020k
Native frames: (J=compiled Java code, j=interpreted, Vv=VM code, C=native code)
V  [jvm.dll+0x12a0a5]
V  [jvm.dll+0x34f76d]
C  [jdwp.dll+0x21a15]
C  [jdwp.dll+0x53b3]
C  [jdwp.dll+0x5571]
C  [jdwp.dll+0xf0a8]
C  [jdwp.dll+0x1f2d5]
C  [jdwp.dll+0x1f4aa]
V  [jvm.dll+0x1bd258]
V  [jvm.dll+0x2451a4]
V  [jvm.dll+0x29c18a]
C  [msvcr100.dll+0x21d9f]
C  [msvcr100.dll+0x21e3b]
C  [KERNEL32.DLL+0x8364]
C  [ntdll.dll+0x670d1]


---------------  P R O C E S S  ---------------

Java Threads: ( => current thread )
  0x000000001949c000 JavaThread "Service Thread" daemon [_thread_blocked, id=12992, stack(0x0000000019950000,0x0000000019a50000)]
  0x0000000019478800 JavaThread "C1 CompilerThread2" daemon [_thread_blocked, id=9380, stack(0x0000000019850000,0x0000000019950000)]
  0x000000001790b800 JavaThread "C2 CompilerThread1" daemon [_thread_blocked, id=5236, stack(0x0000000019350000,0x0000000019450000)]
  0x0000000017911800 JavaThread "C2 CompilerThread0" daemon [_thread_blocked, id=852, stack(0x0000000019250000,0x0000000019350000)]
  0x00000000178f8800 JavaThread "JDWP Command Reader" daemon [_thread_in_native, id=12896, stack(0x0000000019150000,0x0000000019250000)]
  0x00000000178f5000 JavaThread "JDWP Event Helper Thread" daemon [_thread_blocked, id=10140, stack(0x0000000019050000,0x0000000019150000)]
=>0x00000000178e7800 JavaThread "JDWP Transport Listener: dt_socket" daemon [_thread_in_vm, id=10680, stack(0x0000000018f50000,0x0000000019050000)]
  0x00000000178dd800 JavaThread "Attach Listener" daemon [_thread_blocked, id=11860, stack(0x0000000018e50000,0x0000000018f50000)]
  0x00000000178dc800 JavaThread "Signal Dispatcher" daemon [_thread_blocked, id=2004, stack(0x0000000018d50000,0x0000000018e50000)]
  0x0000000002d98800 JavaThread "Finalizer" daemon [_thread_blocked, id=1940, stack(0x0000000018b40000,0x0000000018c40000)]
  0x0000000002d93000 JavaThread "Reference Handler" daemon [_thread_blocked, id=7236, stack(0x0000000018a40000,0x0000000018b40000)]
  0x0000000002b9e000 JavaThread "main" [_thread_blocked, id=7416, stack(0x0000000002ba0000,0x0000000002ca0000)]

Other Threads:
  0x00000000178a7800 VMThread [stack: 0x0000000018940000,0x0000000018a40000] [id=9232]
  0x00000000194a8800 WatcherThread [stack: 0x0000000019a50000,0x0000000019b50000] [id=13320]

VM state:not at safepoint (normal execution)

VM Mutex/Monitor currently owned by a thread: None

Heap:
 PSYoungGen      total 38400K, used 4000K [0x00000000d5e00000, 0x00000000d8880000, 0x0000000100000000)
  eden space 33280K, 12% used [0x00000000d5e00000,0x00000000d61e8100,0x00000000d7e80000)
  from space 5120K, 0% used [0x00000000d8380000,0x00000000d8380000,0x00000000d8880000)
  to   space 5120K, 0% used [0x00000000d7e80000,0x00000000d7e80000,0x00000000d8380000)
 ParOldGen       total 87552K, used 0K [0x0000000081a00000, 0x0000000086f80000, 0x00000000d5e00000)
  object space 87552K, 0% used [0x0000000081a00000,0x0000000081a00000,0x0000000086f80000)
 Metaspace       used 3701K, capacity 4680K, committed 4864K, reserved 1056768K
  class space    used 417K, capacity 432K, committed 512K, reserved 1048576K

Card table byte_map: [0x0000000012160000,0x0000000012560000] byte_map_base: 0x0000000011d53000

Marking Bits: (ParMarkBitMap*) 0x000000006db0a6d0
 Begin Bits: [0x0000000012c10000, 0x0000000014ba8000)
 End Bits:   [0x0000000014ba8000, 0x0000000016b40000)

Polling page: 0x0000000001530000

CodeCache: size=245760Kb used=1242Kb max_used=1254Kb free=244517Kb
 bounds [0x0000000002da0000, 0x0000000003010000, 0x0000000011da0000]
 total_blobs=346 nmethods=101 adapters=166
 compilation: enabled

Compilation events (10 events):
Event: 40.576 Thread 0x0000000019478800   97       3       sun.misc.FDBigInteger::<init> (30 bytes)
Event: 40.576 Thread 0x0000000019478800 nmethod 97 0x0000000002ed4710 code [0x0000000002ed4880, 0x0000000002ed4aa8]
Event: 40.576 Thread 0x0000000019478800   98       3       sun.misc.FDBigInteger::trimLeadingZeros (57 bytes)
Event: 40.576 Thread 0x0000000019478800 nmethod 98 0x0000000002ed4b90 code [0x0000000002ed4d00, 0x0000000002ed5030]
Event: 77.762 Thread 0x0000000019478800   99       3       java.lang.StringBuilder::append (8 bytes)
Event: 77.762 Thread 0x0000000019478800 nmethod 99 0x0000000002ed5150 code [0x0000000002ed52c0, 0x0000000002ed5468]
Event: 77.762 Thread 0x0000000019478800  100       3       java.lang.AbstractStringBuilder::append (191 bytes)
Event: 77.763 Thread 0x0000000019478800 nmethod 100 0x0000000002ed5510 code [0x0000000002ed56c0, 0x0000000002ed5cd8]
Event: 133.426 Thread 0x0000000017911800  101       4       java.lang.AbstractStringBuilder::append (50 bytes)
Event: 133.431 Thread 0x0000000017911800 nmethod 101 0x0000000002ed9510 code [0x0000000002ed9680, 0x0000000002ed9b68]

GC Heap History (0 events):
No events

Deoptimization events (0 events):
No events

Internal exceptions (6 events):
Event: 0.036 Thread 0x0000000002b9e000 Exception <a 'java/lang/NoSuchMethodError': Method sun.misc.Unsafe.defineClass(Ljava/lang/String;[BII)Ljava/lang/Class; name or signature does not match> (0x00000000d5e07cc0) thrown at [C:\re\workspace\8-2-build-windows-amd64-cygwin\jdk8u101\7261\hotspot\sSﬁ@Ík¢¢?
Event: 0.036 Thread 0x0000000002b9e000 Exception <a 'java/lang/NoSuchMethodError': Method sun.misc.Unsafe.prefetchRead(Ljava/lang/Object;J)V name or signature does not match> (0x00000000d5e07fa8) thrown at [C:\re\workspace\8-2-build-windows-amd64-cygwin\jdk8u101\7261\hotspot\src\share\vm\prims\6Bc–ıf ?
Event: 0.206 Thread 0x0000000002b9e000 Exception <a 'java/security/PrivilegedActionException'> (0x00000000d600e738) thrown at [C:\re\workspace\8-2-build-windows-amd64-cygwin\jdk8u101\7261\hotspot\src\share\vm\prims\jvm.cpp, line 1386]
Event: 0.206 Thread 0x0000000002b9e000 Exception <a 'java/security/PrivilegedActionException'> (0x00000000d600eb30) thrown at [C:\re\workspace\8-2-build-windows-amd64-cygwin\jdk8u101\7261\hotspot\src\share\vm\prims\jvm.cpp, line 1386]
Event: 0.207 Thread 0x0000000002b9e000 Exception <a 'java/security/PrivilegedActionException'> (0x00000000d6012c00) thrown at [C:\re\workspace\8-2-build-windows-amd64-cygwin\jdk8u101\7261\hotspot\src\share\vm\prims\jvm.cpp, line 1386]
Event: 0.207 Thread 0x0000000002b9e000 Exception <a 'java/security/PrivilegedActionException'> (0x00000000d6012ff8) thrown at [C:\re\workspace\8-2-build-windows-amd64-cygwin\jdk8u101\7261\hotspot\src\share\vm\prims\jvm.cpp, line 1386]

Events (10 events):
Event: 375.732 Executing VM operation: ChangeBreakpoints
Event: 375.733 Executing VM operation: ChangeBreakpoints done
Event: 375.736 Executing VM operation: ChangeBreakpoints
Event: 375.736 Executing VM operation: ChangeBreakpoints done
Event: 392.598 Executing VM operation: ChangeBreakpoints
Event: 392.598 Executing VM operation: ChangeBreakpoints done
Event: 392.602 Executing VM operation: ChangeBreakpoints
Event: 392.602 Executing VM operation: ChangeBreakpoints done
Event: 392.639 Executing VM operation: RedefineClasses
Event: 392.643 Executing VM operation: RedefineClasses done


Dynamic libraries:
0x00007ff793f20000 - 0x00007ff793f57000 	C:\Program Files\Java\jdk1.8.0_101\bin\java.exe
0x00007ffe155f0000 - 0x00007ffe157c1000 	C:\WINDOWS\SYSTEM32\ntdll.dll
0x00007ffe13c40000 - 0x00007ffe13cec000 	C:\WINDOWS\System32\KERNEL32.DLL
0x00007ffdfd0b0000 - 0x00007ffdfd0e3000 	C:\Program Files\AVAST Software\Avast\x64\aswhooka.dll
0x00007ffe12960000 - 0x00007ffe12b7d000 	C:\WINDOWS\System32\KERNELBASE.dll
0x00007ffe154c0000 - 0x00007ffe15562000 	C:\WINDOWS\System32\ADVAPI32.dll
0x00007ffe137d0000 - 0x00007ffe1386e000 	C:\WINDOWS\System32\msvcrt.dll
0x00007ffe13200000 - 0x00007ffe13259000 	C:\WINDOWS\System32\sechost.dll
0x00007ffe13aa0000 - 0x00007ffe13bc1000 	C:\WINDOWS\System32\RPCRT4.dll
0x00007ffe12cc0000 - 0x00007ffe12e25000 	C:\WINDOWS\System32\USER32.dll
0x00007ffe11c40000 - 0x00007ffe11c5e000 	C:\WINDOWS\System32\win32u.dll
0x00007ffe138e0000 - 0x00007ffe13914000 	C:\WINDOWS\System32\GDI32.dll
0x00007ffe126b0000 - 0x00007ffe12832000 	C:\WINDOWS\System32\gdi32full.dll
0x00007ffe0cca0000 - 0x00007ffe0cf1a000 	C:\WINDOWS\WinSxS\amd64_microsoft.windows.common-controls_6595b64144ccf1df_6.0.14393.953_none_42151e83c686086b\COMCTL32.dll
0x00007ffe12f30000 - 0x00007ffe131f8000 	C:\WINDOWS\System32\combase.dll
0x00007ffe11b40000 - 0x00007ffe11c35000 	C:\WINDOWS\System32\ucrtbase.dll
0x00007ffe128f0000 - 0x00007ffe1295a000 	C:\WINDOWS\System32\bcryptPrimitives.dll
0x00007ffe12b90000 - 0x00007ffe12bbe000 	C:\WINDOWS\System32\IMM32.DLL
0x000000006fa40000 - 0x000000006fb12000 	C:\Program Files\Java\jdk1.8.0_101\jre\bin\msvcr100.dll
0x000000006d2f0000 - 0x000000006db8a000 	C:\Program Files\Java\jdk1.8.0_101\jre\bin\server\jvm.dll
0x00007ffe13bd0000 - 0x00007ffe13bd8000 	C:\WINDOWS\System32\PSAPI.DLL
0x00007ffe0ea20000 - 0x00007ffe0ea29000 	C:\WINDOWS\SYSTEM32\WSOCK32.dll
0x00007ffe15580000 - 0x00007ffe155ea000 	C:\WINDOWS\System32\WS2_32.dll
0x00007ffe0fb80000 - 0x00007ffe0fba3000 	C:\WINDOWS\SYSTEM32\WINMM.dll
0x00007ffe0a1b0000 - 0x00007ffe0a1ba000 	C:\WINDOWS\SYSTEM32\VERSION.dll
0x00007ffe0fb20000 - 0x00007ffe0fb4b000 	C:\WINDOWS\SYSTEM32\WINMMBASE.dll
0x00007ffe11db0000 - 0x00007ffe11df2000 	C:\WINDOWS\System32\cfgmgr32.dll
0x000000006fa30000 - 0x000000006fa3f000 	C:\Program Files\Java\jdk1.8.0_101\jre\bin\verify.dll
0x000000006fa00000 - 0x000000006fa29000 	C:\Program Files\Java\jdk1.8.0_101\jre\bin\java.dll
0x000000006f9c0000 - 0x000000006f9f5000 	C:\Program Files\Java\jdk1.8.0_101\jre\bin\jdwp.dll
0x000000006f9b0000 - 0x000000006f9b8000 	C:\Program Files\Java\jdk1.8.0_101\jre\bin\npt.dll
0x000000006f990000 - 0x000000006f9a6000 	C:\Program Files\Java\jdk1.8.0_101\jre\bin\zip.dll
0x00007ffe13e90000 - 0x00007ffe15398000 	C:\WINDOWS\System32\SHELL32.dll
0x00007ffe11fd0000 - 0x00007ffe126aa000 	C:\WINDOWS\System32\windows.storage.dll
0x00007ffe11a70000 - 0x00007ffe11abc000 	C:\WINDOWS\System32\powrprof.dll
0x00007ffe13be0000 - 0x00007ffe13c32000 	C:\WINDOWS\System32\shlwapi.dll
0x00007ffe11ad0000 - 0x00007ffe11adf000 	C:\WINDOWS\System32\kernel.appcore.dll
0x00007ffe11c60000 - 0x00007ffe11d09000 	C:\WINDOWS\System32\shcore.dll
0x00007ffe11a50000 - 0x00007ffe11a64000 	C:\WINDOWS\System32\profapi.dll
0x000000006f980000 - 0x000000006f989000 	C:\Program Files\Java\jdk1.8.0_101\jre\bin\dt_socket.dll
0x00007ffe11380000 - 0x00007ffe113dc000 	C:\WINDOWS\system32\mswsock.dll
0x00007ffe0de60000 - 0x00007ffe0dff2000 	C:\WINDOWS\SYSTEM32\dbghelp.dll

VM Arguments:
jvm_args: -agentlib:jdwp=transport=dt_socket,address=127.0.0.1:56823,suspend=y,server=n -Dfile.encoding=UTF-8 
java_command: com.juanjo.Main
java_class_path (initial): C:\Program Files\Java\jdk1.8.0_101\jre\lib\charsets.jar;C:\Program Files\Java\jdk1.8.0_101\jre\lib\deploy.jar;C:\Program Files\Java\jdk1.8.0_101\jre\lib\ext\access-bridge-64.jar;C:\Program Files\Java\jdk1.8.0_101\jre\lib\ext\cldrdata.jar;C:\Program Files\Java\jdk1.8.0_101\jre\lib\ext\dnsns.jar;C:\Program Files\Java\jdk1.8.0_101\jre\lib\ext\jaccess.jar;C:\Program Files\Java\jdk1.8.0_101\jre\lib\ext\jfxrt.jar;C:\Program Files\Java\jdk1.8.0_101\jre\lib\ext\localedata.jar;C:\Program Files\Java\jdk1.8.0_101\jre\lib\ext\nashorn.jar;C:\Program Files\Java\jdk1.8.0_101\jre\lib\ext\sunec.jar;C:\Program Files\Java\jdk1.8.0_101\jre\lib\ext\sunjce_provider.jar;C:\Program Files\Java\jdk1.8.0_101\jre\lib\ext\sunmscapi.jar;C:\Program Files\Java\jdk1.8.0_101\jre\lib\ext\sunpkcs11.jar;C:\Program Files\Java\jdk1.8.0_101\jre\lib\ext\zipfs.jar;C:\Program Files\Java\jdk1.8.0_101\jre\lib\javaws.jar;C:\Program Files\Java\jdk1.8.0_101\jre\lib\jce.jar;C:\Program Files\Java\jdk1.8.0_101\jre\lib\jfr.jar;C:\Program Files\Java\jdk1.8.0_101\jre\lib\jfxswt.jar;C:\Program Files\Java\jdk1.8.0_101\jre\lib\jsse.jar;C:\Program Files\Java\jdk1.8.0_101\jre\lib\management-agent.jar;C:\Program Files\Java\jdk1.8.0_101\jre\lib\plugin.jar;C:\Program Files\Java\jdk1.8.0_101\jre\lib\resources.jar;C:\Program Files\Java\jdk1.8.0_101\jre\lib\rt.jar;C:\Users\Juanjo\Desktop\Escritorio\SystemSalesApp\out\production\SystemSalesApp;C:\Program Files\JetBrains\IntelliJ IDEA 2017.1.2\lib\idea_rt.jar
Launcher Type: SUN_STANDARD

Environment Variables:
PATH=C:\Program Files\Broadcom\Broadcom 802.11 Network Adapter;C:\ProgramData\Oracle\Java\javapath;C:\Program Files (x86)\Intel\iCLS Client\;C:\Program Files\Intel\iCLS Client\;C:\WINDOWS\system32;C:\WINDOWS;C:\WINDOWS\System32\Wbem;C:\WINDOWS\System32\WindowsPowerShell\v1.0\;C:\Program Files (x86)\Intel\Intel(R) Management Engine Components\DAL;C:\Program Files\Intel\Intel(R) Management Engine Components\DAL;C:\Program Files (x86)\Intel\Intel(R) Management Engine Components\IPT;C:\Program Files\Intel\Intel(R) Management Engine Components\IPT;C:\Users\Juanjo\AppData\Local\atom\bin;%USERPROFILE%\AppData\Local\Microsoft\WindowsApps;
USERNAME=Juanjo
OS=Windows_NT
PROCESSOR_IDENTIFIER=Intel64 Family 6 Model 78 Stepping 3, GenuineIntel



---------------  S Y S T E M  ---------------

OS: Windows 10.0 , 64 bit Build 14393 (10.0.14393.1198)

CPU:total 4 (2 cores per cpu, 2 threads per core) family 6 model 78 stepping 3, cmov, cx8, fxsr, mmx, sse, sse2, sse3, ssse3, sse4.1, sse4.2, popcnt, avx, avx2, aes, clmul, erms, 3dnowpref, lzcnt, ht, tsc, tscinvbit, bmi1, bmi2, adx

Memory: 4k page, physical 8276896k(4205352k free), swap 11576168k(4491728k free)

vm_info: Java HotSpot(TM) 64-Bit Server VM (25.101-b13) for windows-amd64 JRE (1.8.0_101-b13), built on Jun 22 2016 01:21:29 by "java_re" with MS VC++ 10.0 (VS2010)

time: Tue Jun 13 18:44:01 2017
elapsed time: 392 seconds (0d 0h 6m 32s)

